<?xml version="1.0" encoding="UTF-8"?>
<testng-results ignored="0" total="1" passed="1" failed="0" skipped="0">
  <reporter-output>
  </reporter-output>
  <suite started-at="2023-06-01T18:38:17 IST" name="Default suite" finished-at="2023-06-01T18:38:23 IST" duration-ms="6372">
    <groups>
    </groups>
    <test started-at="2023-06-01T18:38:17 IST" name="Default test" finished-at="2023-06-01T18:38:23 IST" duration-ms="6372">
      <class name="Collections.FeedueValues">
        <test-method signature="feedue()[pri:0, instance:Collections.FeedueValues@15eb5ee5]" started-at="2023-06-01T18:38:17 IST" name="feedue" finished-at="2023-06-01T18:38:23 IST" duration-ms="6297" status="PASS">
          <reporter-output>
          </reporter-output>
        </test-method> <!-- feedue -->
      </class> <!-- Collections.FeedueValues -->
    </test> <!-- Default test -->
  </suite> <!-- Default suite -->
</testng-results>
